<?xml version="1.0" encoding="utf-8"?><testsuites name="pytest tests"><testsuite name="pytest" errors="0" failures="0" skipped="0" tests="20" time="2.825" timestamp="2026-05-14T14:15:46.905227+00:00" hostname="agent-env-e96a204c-7fec-4df9-bf32-7f6ed0c0a57f"><testcase classname="tests.backend_test.TestPublic" name="test_indices_endpoint" time="0.198" /><testcase classname="tests.backend_test.TestAuth" name="test_register_new_user_and_login" time="0.554" /><testcase classname="tests.backend_test.TestAuth" name="test_duplicate_register_rejected" time="0.052" /><testcase classname="tests.backend_test.TestAuth" name="test_login_invalid_credentials" time="0.279" /><testcase classname="tests.backend_test.TestAuth" name="test_me_with_token" time="0.348" /><testcase classname="tests.backend_test.TestAuth" name="test_me_without_token_rejected" time="0.049" /><testcase classname="tests.backend_test.TestCalculations" name="test_reajuste_igpm_default" time="0.052" /><testcase classname="tests.backend_test.TestCalculations" name="test_reajuste_ipca_default" time="0.050" /><testcase classname="tests.backend_test.TestCalculations" name="test_reajuste_custom_pct" time="0.052" /><testcase classname="tests.backend_test.TestCalculations" name="test_multa_juros_default" time="0.054" /><testcase classname="tests.backend_test.TestCalculations" name="test_comissao_venda_default" time="0.051" /><testcase classname="tests.backend_test.TestCalculations" name="test_comissao_locacao_default" time="0.057" /><testcase classname="tests.backend_test.TestSeededData" name="test_dashboard_stats" time="0.056" /><testcase classname="tests.backend_test.TestSeededData" name="test_list_properties_seeded" time="0.050" /><testcase classname="tests.backend_test.TestSeededData" name="test_list_clients_seeded" time="0.054" /><testcase classname="tests.backend_test.TestSeededData" name="test_list_contracts_and_enrichment" time="0.103" /><testcase classname="tests.backend_test.TestSeededData" name="test_list_receipts_and_enrichment" time="0.116" /><testcase classname="tests.backend_test.TestPropertyCRUD" name="test_create_get_update_delete_property" time="0.257" /><testcase classname="tests.backend_test.TestClientCRUD" name="test_create_and_delete_client" time="0.148" /><testcase classname="tests.backend_test.TestReceiptCRUD" name="test_create_receipt_generates_number" time="0.146" /></testsuite></testsuites>